\BOOKMARK [0][-]{chapter.1}{\376\377\000I\000n\000t\000r\000o\000d\000u\000c\000t\000i\000o\000n}{}% 1
\BOOKMARK [1][-]{section.1.1}{\376\377\000Q\000u\000'\000e\000s\000t\000-\000c\000e\000\040\000q\000u\000e\000\040\000l\000'\000a\000s\000s\000e\000m\000b\000l\000e\000u\000r\000?}{chapter.1}% 2
\BOOKMARK [1][-]{section.1.2}{\376\377\000P\000o\000u\000r\000q\000u\000o\000i\000\040\000u\000t\000i\000l\000i\000s\000e\000r\000\040\000l\000'\000a\000s\000s\000e\000m\000b\000l\000e\000u\000r\000?}{chapter.1}% 3
\BOOKMARK [1][-]{section.1.3}{\376\377\000I\000n\000c\000o\000n\000v\000\351\000n\000i\000e\000n\000t\000s\000\040\000d\000e\000\040\000l\000'\000a\000s\000s\000e\000m\000b\000l\000e\000u\000r}{chapter.1}% 4
\BOOKMARK [1][-]{section.1.4}{\376\377\000C\000o\000m\000p\000a\000r\000a\000i\000s\000o\000n\000\040\000e\000n\000t\000r\000e\000\040\000u\000n\000\040\000l\000a\000n\000g\000a\000g\000e\000\040\000d\000e\000\040\000h\000a\000u\000t\000\040\000n\000i\000v\000e\000a\000u\000\040\000e\000t\000\040\000l\000'\000a\000s\000s\000e\000m\000b\000l\000e\000u\000r}{chapter.1}% 5
\BOOKMARK [2][-]{subsection.1.4.1}{\376\377\000L\000a\000n\000g\000a\000g\000e\000s\000\040\000d\000e\000\040\000h\000a\000u\000t\000\040\000n\000i\000v\000e\000a\000u}{section.1.4}% 6
\BOOKMARK [2][-]{subsection.1.4.2}{\376\377\000L\000a\000n\000g\000a\000g\000e\000\040\000a\000s\000s\000e\000m\000b\000l\000e\000u\000r}{section.1.4}% 7
\BOOKMARK [2][-]{subsection.1.4.3}{\376\377\000C\000o\000m\000p\000a\000r\000a\000i\000s\000o\000n}{section.1.4}% 8
\BOOKMARK [1][-]{section.1.5}{\376\377\000A\000p\000p\000l\000i\000c\000a\000t\000i\000o\000n\000s\000\040\000d\000e\000\040\000l\000'\000a\000s\000s\000e\000m\000b\000l\000e\000u\000r}{chapter.1}% 9
\BOOKMARK [0][-]{chapter.2}{\376\377\000H\000i\000s\000t\000o\000r\000i\000q\000u\000e}{}% 10
\BOOKMARK [1][-]{section.2.1}{\376\377\000L\000e\000s\000\040\000d\000\351\000b\000u\000t\000s\000\040\000d\000e\000\040\000l\000'\000a\000s\000s\000e\000m\000b\000l\000e\000u\000r}{chapter.2}% 11
\BOOKMARK [1][-]{section.2.2}{\376\377\000L\000'\000\351\000v\000o\000l\000u\000t\000i\000o\000n\000\040\000d\000e\000s\000\040\000l\000a\000n\000g\000a\000g\000e\000s\000\040\000a\000s\000s\000e\000m\000b\000l\000e\000u\000r\000s}{chapter.2}% 12
\BOOKMARK [1][-]{section.2.3}{\376\377\000L\000'\000a\000s\000s\000e\000m\000b\000l\000e\000u\000r\000\040\000e\000t\000\040\000l\000e\000s\000\040\000m\000i\000n\000i\000-\000o\000r\000d\000i\000n\000a\000t\000e\000u\000r\000s}{chapter.2}% 13
\BOOKMARK [1][-]{section.2.4}{\376\377\000L\000'\000\350\000r\000e\000\040\000d\000e\000s\000\040\000m\000i\000c\000r\000o\000p\000r\000o\000c\000e\000s\000s\000e\000u\000r\000s}{chapter.2}% 14
\BOOKMARK [1][-]{section.2.5}{\376\377\000L\000'\000a\000s\000s\000e\000m\000b\000l\000e\000u\000r\000\040\000a\000u\000j\000o\000u\000r\000d\000'\000h\000u\000i}{chapter.2}% 15
\BOOKMARK [1][-]{section.2.6}{\376\377\000L\000'\000i\000m\000p\000a\000c\000t\000\040\000d\000e\000\040\000l\000'\000a\000s\000s\000e\000m\000b\000l\000e\000u\000r\000\040\000s\000u\000r\000\040\000l\000'\000i\000n\000f\000o\000r\000m\000a\000t\000i\000q\000u\000e}{chapter.2}% 16
\BOOKMARK [0][-]{chapter.3}{\376\377\000A\000r\000c\000h\000i\000t\000e\000c\000t\000u\000r\000e\000\040\000m\000a\000t\000\351\000r\000i\000e\000l\000l\000e}{}% 17
\BOOKMARK [1][-]{section.3.1}{\376\377\000U\000n\000i\000t\000\351\000\040\000c\000e\000n\000t\000r\000a\000l\000e\000\040\000d\000e\000\040\000t\000r\000a\000i\000t\000e\000m\000e\000n\000t\000\040\000\050\000C\000P\000U\000\051}{chapter.3}% 18
\BOOKMARK [1][-]{section.3.2}{\376\377\000M\000\351\000m\000o\000i\000r\000e\000\040\000\050\000R\000A\000M\000\051}{chapter.3}% 19
\BOOKMARK [1][-]{section.3.3}{\376\377\000B\000u\000s}{chapter.3}% 20
\BOOKMARK [1][-]{section.3.4}{\376\377\000M\000\351\000m\000o\000i\000r\000e\000\040\000c\000a\000c\000h\000e}{chapter.3}% 21
\BOOKMARK [1][-]{section.3.5}{\376\377\000P\000\351\000r\000i\000p\000h\000\351\000r\000i\000q\000u\000e\000s\000\040\000d\000'\000e\000n\000t\000r\000\351\000e\000/\000s\000o\000r\000t\000i\000e\000\040\000\050\000I\000/\000O\000\051}{chapter.3}% 22
\BOOKMARK [1][-]{section.3.6}{\376\377\000A\000r\000c\000h\000i\000t\000e\000c\000t\000u\000r\000e\000\040\000d\000e\000\040\000H\000a\000r\000v\000a\000r\000d\000\040\000v\000s\000.\000\040\000A\000r\000c\000h\000i\000t\000e\000c\000t\000u\000r\000e\000\040\000d\000e\000\040\000v\000o\000n\000\040\000N\000e\000u\000m\000a\000n\000n}{chapter.3}% 23
\BOOKMARK [0][-]{chapter.4}{\376\377\000N\000o\000t\000i\000o\000n\000s\000\040\000d\000e\000\040\000b\000a\000s\000e\000\040\000e\000n\000\040\000a\000s\000s\000e\000m\000b\000l\000e\000u\000r}{}% 24
\BOOKMARK [1][-]{section.4.1}{\376\377\000D\000\351\000f\000i\000n\000i\000t\000i\000o\000n\000\040\000d\000e\000\040\000v\000a\000r\000i\000a\000b\000l\000e\000s}{chapter.4}% 25
\BOOKMARK [2][-]{subsection.4.1.1}{\376\377\000D\000\351\000c\000l\000a\000r\000a\000t\000i\000o\000n\000\040\000d\000e\000\040\000v\000a\000r\000i\000a\000b\000l\000e\000s\000\040\000d\000a\000n\000s\000\040\000l\000a\000\040\000s\000e\000c\000t\000i\000o\000n\000\040\000.\000d\000a\000t\000a}{section.4.1}% 26
\BOOKMARK [2][-]{subsection.4.1.2}{\376\377\000D\000\351\000c\000l\000a\000r\000a\000t\000i\000o\000n\000\040\000d\000e\000\040\000v\000a\000r\000i\000a\000b\000l\000e\000s\000\040\000d\000a\000n\000s\000\040\000l\000a\000\040\000s\000e\000c\000t\000i\000o\000n\000\040\000.\000b\000s\000s}{section.4.1}% 27
\BOOKMARK [1][-]{section.4.2}{\376\377\000I\000n\000s\000t\000r\000u\000c\000t\000i\000o\000n\000s}{chapter.4}% 28
\BOOKMARK [2][-]{subsection.4.2.1}{\376\377\000M\000O\000V}{section.4.2}% 29
\BOOKMARK [2][-]{subsection.4.2.2}{\376\377\000A\000D\000D}{section.4.2}% 30
\BOOKMARK [2][-]{subsection.4.2.3}{\376\377\000C\000M\000P}{section.4.2}% 31
\BOOKMARK [1][-]{section.4.3}{\376\377\000R\000e\000g\000i\000s\000t\000r\000e\000s}{chapter.4}% 32
\BOOKMARK [2][-]{subsection.4.3.1}{\376\377\000R\000e\000g\000i\000s\000t\000r\000e\000s\000\040\000g\000\351\000n\000\351\000r\000a\000u\000x}{section.4.3}% 33
\BOOKMARK [2][-]{subsection.4.3.2}{\376\377\000R\000e\000g\000i\000s\000t\000r\000e\000s\000\040\000d\000e\000\040\000s\000e\000g\000m\000e\000n\000t}{section.4.3}% 34
\BOOKMARK [2][-]{subsection.4.3.3}{\376\377\000R\000e\000g\000i\000s\000t\000r\000e\000s\000\040\000d\000e\000\040\000p\000o\000i\000n\000t\000e\000u\000r\000\040\000e\000t\000\040\000d\000'\000i\000n\000d\000e\000x}{section.4.3}% 35
\BOOKMARK [2][-]{subsection.4.3.4}{\376\377\000R\000e\000g\000i\000s\000t\000r\000e\000\040\000d\000'\000i\000n\000s\000t\000r\000u\000c\000t\000i\000o\000n\000\040\000e\000t\000\040\000d\000e\000\040\000d\000r\000a\000p\000e\000a\000u\000x}{section.4.3}% 36
\BOOKMARK [1][-]{section.4.4}{\376\377\000P\000o\000i\000n\000t\000e\000u\000r\000s}{chapter.4}% 37
\BOOKMARK [2][-]{subsection.4.4.1}{\376\377\000C\000o\000n\000c\000e\000p\000t\000\040\000d\000e\000\040\000p\000o\000i\000n\000t\000e\000u\000r}{section.4.4}% 38
\BOOKMARK [2][-]{subsection.4.4.2}{\376\377\000U\000t\000i\000l\000i\000s\000a\000t\000i\000o\000n\000\040\000d\000e\000s\000\040\000p\000o\000i\000n\000t\000e\000u\000r\000s\000\040\000e\000n\000\040\000a\000s\000s\000e\000m\000b\000l\000e\000u\000r}{section.4.4}% 39
\BOOKMARK [0][-]{chapter.5}{\376\377\000I\000n\000s\000t\000a\000l\000l\000a\000t\000i\000o\000n\000\040\000e\000t\000\040\000e\000x\000\351\000c\000u\000t\000i\000o\000n\000\040\000d\000e\000\040\000l\000'\000a\000s\000s\000e\000m\000b\000l\000e\000u\000r}{}% 40
\BOOKMARK [1][-]{section.5.1}{\376\377\000I\000n\000s\000t\000a\000l\000l\000a\000t\000i\000o\000n\000\040\000s\000u\000r\000\040\000W\000i\000n\000d\000o\000w\000s}{chapter.5}% 41
\BOOKMARK [2][-]{subsection.5.1.1}{\376\377\000\311\000t\000a\000p\000e\000s\000\040\000d\000'\000i\000n\000s\000t\000a\000l\000l\000a\000t\000i\000o\000n}{section.5.1}% 42
\BOOKMARK [2][-]{subsection.5.1.2}{\376\377\000C\000o\000m\000p\000i\000l\000a\000t\000i\000o\000n\000\040\000e\000t\000\040\000e\000x\000\351\000c\000u\000t\000i\000o\000n\000\040\000d\000'\000u\000n\000\040\000p\000r\000o\000g\000r\000a\000m\000m\000e\000\040\000e\000n\000\040\000a\000s\000s\000e\000m\000b\000l\000e\000u\000r}{section.5.1}% 43
\BOOKMARK [1][-]{section.5.2}{\376\377\000I\000n\000s\000t\000a\000l\000l\000a\000t\000i\000o\000n\000\040\000s\000u\000r\000\040\000L\000i\000n\000u\000x}{chapter.5}% 44
\BOOKMARK [2][-]{subsection.5.2.1}{\376\377\000\311\000t\000a\000p\000e\000s\000\040\000d\000'\000i\000n\000s\000t\000a\000l\000l\000a\000t\000i\000o\000n}{section.5.2}% 45
\BOOKMARK [2][-]{subsection.5.2.2}{\376\377\000C\000o\000m\000p\000i\000l\000a\000t\000i\000o\000n\000\040\000e\000t\000\040\000e\000x\000\351\000c\000u\000t\000i\000o\000n\000\040\000d\000'\000u\000n\000\040\000p\000r\000o\000g\000r\000a\000m\000m\000e\000\040\000e\000n\000\040\000a\000s\000s\000e\000m\000b\000l\000e\000u\000r}{section.5.2}% 46
\BOOKMARK [1][-]{section.5.3}{\376\377\000I\000n\000s\000t\000a\000l\000l\000a\000t\000i\000o\000n\000\040\000s\000u\000r\000\040\000m\000a\000c\000O\000S}{chapter.5}% 47
\BOOKMARK [2][-]{subsection.5.3.1}{\376\377\000\311\000t\000a\000p\000e\000s\000\040\000d\000'\000i\000n\000s\000t\000a\000l\000l\000a\000t\000i\000o\000n}{section.5.3}% 48
\BOOKMARK [2][-]{subsection.5.3.2}{\376\377\000C\000o\000m\000p\000i\000l\000a\000t\000i\000o\000n\000\040\000e\000t\000\040\000e\000x\000\351\000c\000u\000t\000i\000o\000n\000\040\000d\000'\000u\000n\000\040\000p\000r\000o\000g\000r\000a\000m\000m\000e\000\040\000e\000n\000\040\000a\000s\000s\000e\000m\000b\000l\000e\000u\000r}{section.5.3}% 49
\BOOKMARK [0][-]{chapter.6}{\376\377\000E\000x\000e\000m\000p\000l\000e\000s\000\040\000d\000e\000\040\000p\000r\000o\000g\000r\000a\000m\000m\000e\000\040\000e\000n\000\040\000a\000s\000s\000e\000m\000b\000l\000e\000u\000r}{}% 50
\BOOKMARK [1][-]{section.6.1}{\376\377\000C\000o\000m\000p\000o\000s\000i\000t\000i\000o\000n\000\040\000d\000'\000u\000n\000\040\000c\000o\000d\000e\000\040\000a\000s\000s\000e\000m\000b\000l\000e\000u\000r}{chapter.6}% 51
\BOOKMARK [2][-]{subsection.6.1.1}{\376\377\000C\000o\000m\000m\000e\000n\000t\000a\000i\000r\000e\000s}{section.6.1}% 52
\BOOKMARK [2][-]{subsection.6.1.2}{\376\377\000D\000i\000r\000e\000c\000t\000i\000v\000e\000s\000\040\000\050\000o\000u\000\040\000S\000e\000c\000t\000i\000o\000n\000s\000\051}{section.6.1}% 53
\BOOKMARK [1][-]{section.6.2}{\376\377\000E\000x\000e\000m\000p\000l\000e\000\040\000d\000e\000\040\000p\000r\000o\000g\000r\000a\000m\000m\000e\000\040\000e\000n\000\040\000a\000s\000s\000e\000m\000b\000l\000e\000u\000r\000\040\000:\000\040\000A\000d\000d\000i\000t\000i\000o\000n\000\040\000d\000e\000\040\000d\000e\000u\000x\000\040\000n\000o\000m\000b\000r\000e\000s}{chapter.6}% 54
\BOOKMARK [1][-]{section.6.3}{\376\377\000E\000x\000e\000m\000p\000l\000e\000\040\000d\000e\000\040\000p\000r\000o\000g\000r\000a\000m\000m\000e\000\040\000e\000n\000\040\000a\000s\000s\000e\000m\000b\000l\000e\000u\000r\000\040\000:\000\040\000L\000e\000c\000t\000u\000r\000e\000\040\000d\000e\000\040\000d\000o\000n\000n\000\351\000e\000s}{chapter.6}% 55
\BOOKMARK [2][-]{subsection.6.3.1}{\376\377\000E\000x\000p\000l\000i\000c\000a\000t\000i\000o\000n\000\040\000d\000e\000s\000\040\000c\000o\000d\000e\000s\000\040\000d\000e\000s\000\040\000a\000p\000p\000e\000l\000s\000\040\000s\000y\000s\000t\000\350\000m\000e}{section.6.3}% 56
\BOOKMARK [2][-]{subsection.6.3.2}{\376\377\000R\000\351\000s\000u\000l\000t\000a\000t}{section.6.3}% 57
\BOOKMARK [0][-]{chapter.7}{\376\377\000C\000o\000n\000c\000l\000u\000s\000i\000o\000n}{}% 58
